# compute-mfcc-feats --verbose=2 --config=conf/mfcc.conf scp,p:exp/make_mfcc/train/wav_train.6.scp ark:- | copy-feats --compress=true ark:- ark,scp:/Users/zhuhuifeng/work/asr/kaldi/egs/timit/s5/mfcc/raw_mfcc_train.6.ark,/Users/zhuhuifeng/work/asr/kaldi/egs/timit/s5/mfcc/raw_mfcc_train.6.scp 
# Started at Wed May 31 16:34:28 CST 2017
#
compute-mfcc-feats --verbose=2 --config=conf/mfcc.conf scp,p:exp/make_mfcc/train/wav_train.6.scp ark:- 
copy-feats --compress=true ark:- ark,scp:/Users/zhuhuifeng/work/asr/kaldi/egs/timit/s5/mfcc/raw_mfcc_train.6.ark,/Users/zhuhuifeng/work/asr/kaldi/egs/timit/s5/mfcc/raw_mfcc_train.6.scp 
VLOG[2] (compute-mfcc-feats[5.1.89~1-b1e86]:main():compute-mfcc-feats.cc:178) Processed features for key mgar0_si1842
VLOG[2] (compute-mfcc-feats[5.1.89~1-b1e86]:main():compute-mfcc-feats.cc:178) Processed features for key mgar0_sx132
VLOG[2] (compute-mfcc-feats[5.1.89~1-b1e86]:main():compute-mfcc-feats.cc:178) Processed features for key mgar0_sx222
VLOG[2] (compute-mfcc-feats[5.1.89~1-b1e86]:main():compute-mfcc-feats.cc:178) Processed features for key mgar0_sx312
VLOG[2] (compute-mfcc-feats[5.1.89~1-b1e86]:main():compute-mfcc-feats.cc:178) Processed features for key mgar0_sx402
VLOG[2] (compute-mfcc-feats[5.1.89~1-b1e86]:main():compute-mfcc-feats.cc:178) Processed features for key mgar0_sx42
VLOG[2] (compute-mfcc-feats[5.1.89~1-b1e86]:main():compute-mfcc-feats.cc:178) Processed features for key mgaw0_si1165
VLOG[2] (compute-mfcc-feats[5.1.89~1-b1e86]:main():compute-mfcc-feats.cc:178) Processed features for key mgaw0_si1802
VLOG[2] (compute-mfcc-feats[5.1.89~1-b1e86]:main():compute-mfcc-feats.cc:178) Processed features for key mgaw0_si535
LOG (compute-mfcc-feats[5.1.89~1-b1e86]:main():compute-mfcc-feats.cc:177) Processed 10 utterances
VLOG[2] (compute-mfcc-feats[5.1.89~1-b1e86]:main():compute-mfcc-feats.cc:178) Processed features for key mgaw0_sx175
VLOG[2] (compute-mfcc-feats[5.1.89~1-b1e86]:main():compute-mfcc-feats.cc:178) Processed features for key mgaw0_sx265
VLOG[2] (compute-mfcc-feats[5.1.89~1-b1e86]:main():compute-mfcc-feats.cc:178) Processed features for key mgaw0_sx355
VLOG[2] (compute-mfcc-feats[5.1.89~1-b1e86]:main():compute-mfcc-feats.cc:178) Processed features for key mgaw0_sx445
VLOG[2] (compute-mfcc-feats[5.1.89~1-b1e86]:main():compute-mfcc-feats.cc:178) Processed features for key mgaw0_sx85
VLOG[2] (compute-mfcc-feats[5.1.89~1-b1e86]:main():compute-mfcc-feats.cc:178) Processed features for key mges0_si1481
VLOG[2] (compute-mfcc-feats[5.1.89~1-b1e86]:main():compute-mfcc-feats.cc:178) Processed features for key mges0_si2111
VLOG[2] (compute-mfcc-feats[5.1.89~1-b1e86]:main():compute-mfcc-feats.cc:178) Processed features for key mges0_si851
VLOG[2] (compute-mfcc-feats[5.1.89~1-b1e86]:main():compute-mfcc-feats.cc:178) Processed features for key mges0_sx131
VLOG[2] (compute-mfcc-feats[5.1.89~1-b1e86]:main():compute-mfcc-feats.cc:178) Processed features for key mges0_sx221
LOG (compute-mfcc-feats[5.1.89~1-b1e86]:main():compute-mfcc-feats.cc:177) Processed 20 utterances
VLOG[2] (compute-mfcc-feats[5.1.89~1-b1e86]:main():compute-mfcc-feats.cc:178) Processed features for key mges0_sx311
VLOG[2] (compute-mfcc-feats[5.1.89~1-b1e86]:main():compute-mfcc-feats.cc:178) Processed features for key mges0_sx401
VLOG[2] (compute-mfcc-feats[5.1.89~1-b1e86]:main():compute-mfcc-feats.cc:178) Processed features for key mges0_sx41
VLOG[2] (compute-mfcc-feats[5.1.89~1-b1e86]:main():compute-mfcc-feats.cc:178) Processed features for key mgjc0_si1256
VLOG[2] (compute-mfcc-feats[5.1.89~1-b1e86]:main():compute-mfcc-feats.cc:178) Processed features for key mgjc0_si1335
VLOG[2] (compute-mfcc-feats[5.1.89~1-b1e86]:main():compute-mfcc-feats.cc:178) Processed features for key mgjc0_si1965
VLOG[2] (compute-mfcc-feats[5.1.89~1-b1e86]:main():compute-mfcc-feats.cc:178) Processed features for key mgjc0_sx165
VLOG[2] (compute-mfcc-feats[5.1.89~1-b1e86]:main():compute-mfcc-feats.cc:178) Processed features for key mgjc0_sx255
VLOG[2] (compute-mfcc-feats[5.1.89~1-b1e86]:main():compute-mfcc-feats.cc:178) Processed features for key mgjc0_sx345
VLOG[2] (compute-mfcc-feats[5.1.89~1-b1e86]:main():compute-mfcc-feats.cc:178) Processed features for key mgjc0_sx435
LOG (compute-mfcc-feats[5.1.89~1-b1e86]:main():compute-mfcc-feats.cc:177) Processed 30 utterances
VLOG[2] (compute-mfcc-feats[5.1.89~1-b1e86]:main():compute-mfcc-feats.cc:178) Processed features for key mgjc0_sx75
VLOG[2] (compute-mfcc-feats[5.1.89~1-b1e86]:main():compute-mfcc-feats.cc:178) Processed features for key mgrl0_si1497
VLOG[2] (compute-mfcc-feats[5.1.89~1-b1e86]:main():compute-mfcc-feats.cc:178) Processed features for key mgrl0_si2127
VLOG[2] (compute-mfcc-feats[5.1.89~1-b1e86]:main():compute-mfcc-feats.cc:178) Processed features for key mgrl0_si867
VLOG[2] (compute-mfcc-feats[5.1.89~1-b1e86]:main():compute-mfcc-feats.cc:178) Processed features for key mgrl0_sx147
VLOG[2] (compute-mfcc-feats[5.1.89~1-b1e86]:main():compute-mfcc-feats.cc:178) Processed features for key mgrl0_sx237
VLOG[2] (compute-mfcc-feats[5.1.89~1-b1e86]:main():compute-mfcc-feats.cc:178) Processed features for key mgrl0_sx327
VLOG[2] (compute-mfcc-feats[5.1.89~1-b1e86]:main():compute-mfcc-feats.cc:178) Processed features for key mgrl0_sx417
VLOG[2] (compute-mfcc-feats[5.1.89~1-b1e86]:main():compute-mfcc-feats.cc:178) Processed features for key mgrl0_sx57
VLOG[2] (compute-mfcc-feats[5.1.89~1-b1e86]:main():compute-mfcc-feats.cc:178) Processed features for key mgrp0_si1317
LOG (compute-mfcc-feats[5.1.89~1-b1e86]:main():compute-mfcc-feats.cc:177) Processed 40 utterances
VLOG[2] (compute-mfcc-feats[5.1.89~1-b1e86]:main():compute-mfcc-feats.cc:178) Processed features for key mgrp0_si1947
VLOG[2] (compute-mfcc-feats[5.1.89~1-b1e86]:main():compute-mfcc-feats.cc:178) Processed features for key mgrp0_si687
VLOG[2] (compute-mfcc-feats[5.1.89~1-b1e86]:main():compute-mfcc-feats.cc:178) Processed features for key mgrp0_sx147
VLOG[2] (compute-mfcc-feats[5.1.89~1-b1e86]:main():compute-mfcc-feats.cc:178) Processed features for key mgrp0_sx237
VLOG[2] (compute-mfcc-feats[5.1.89~1-b1e86]:main():compute-mfcc-feats.cc:178) Processed features for key mgrp0_sx327
VLOG[2] (compute-mfcc-feats[5.1.89~1-b1e86]:main():compute-mfcc-feats.cc:178) Processed features for key mgrp0_sx417
VLOG[2] (compute-mfcc-feats[5.1.89~1-b1e86]:main():compute-mfcc-feats.cc:178) Processed features for key mgrp0_sx57
VLOG[2] (compute-mfcc-feats[5.1.89~1-b1e86]:main():compute-mfcc-feats.cc:178) Processed features for key mgsh0_si1176
VLOG[2] (compute-mfcc-feats[5.1.89~1-b1e86]:main():compute-mfcc-feats.cc:178) Processed features for key mgsh0_si1806
VLOG[2] (compute-mfcc-feats[5.1.89~1-b1e86]:main():compute-mfcc-feats.cc:178) Processed features for key mgsh0_si546
LOG (compute-mfcc-feats[5.1.89~1-b1e86]:main():compute-mfcc-feats.cc:177) Processed 50 utterances
VLOG[2] (compute-mfcc-feats[5.1.89~1-b1e86]:main():compute-mfcc-feats.cc:178) Processed features for key mgsh0_sx127
VLOG[2] (compute-mfcc-feats[5.1.89~1-b1e86]:main():compute-mfcc-feats.cc:178) Processed features for key mgsh0_sx186
VLOG[2] (compute-mfcc-feats[5.1.89~1-b1e86]:main():compute-mfcc-feats.cc:178) Processed features for key mgsh0_sx276
VLOG[2] (compute-mfcc-feats[5.1.89~1-b1e86]:main():compute-mfcc-feats.cc:178) Processed features for key mgsh0_sx6
VLOG[2] (compute-mfcc-feats[5.1.89~1-b1e86]:main():compute-mfcc-feats.cc:178) Processed features for key mgsh0_sx96
VLOG[2] (compute-mfcc-feats[5.1.89~1-b1e86]:main():compute-mfcc-feats.cc:178) Processed features for key mgsl0_si1164
VLOG[2] (compute-mfcc-feats[5.1.89~1-b1e86]:main():compute-mfcc-feats.cc:178) Processed features for key mgsl0_si534
VLOG[2] (compute-mfcc-feats[5.1.89~1-b1e86]:main():compute-mfcc-feats.cc:178) Processed features for key mgsl0_si797
VLOG[2] (compute-mfcc-feats[5.1.89~1-b1e86]:main():compute-mfcc-feats.cc:178) Processed features for key mgsl0_sx174
VLOG[2] (compute-mfcc-feats[5.1.89~1-b1e86]:main():compute-mfcc-feats.cc:178) Processed features for key mgsl0_sx264
LOG (compute-mfcc-feats[5.1.89~1-b1e86]:main():compute-mfcc-feats.cc:177) Processed 60 utterances
VLOG[2] (compute-mfcc-feats[5.1.89~1-b1e86]:main():compute-mfcc-feats.cc:178) Processed features for key mgsl0_sx354
VLOG[2] (compute-mfcc-feats[5.1.89~1-b1e86]:main():compute-mfcc-feats.cc:178) Processed features for key mgsl0_sx444
VLOG[2] (compute-mfcc-feats[5.1.89~1-b1e86]:main():compute-mfcc-feats.cc:178) Processed features for key mgsl0_sx84
VLOG[2] (compute-mfcc-feats[5.1.89~1-b1e86]:main():compute-mfcc-feats.cc:178) Processed features for key mgxp0_si1087
VLOG[2] (compute-mfcc-feats[5.1.89~1-b1e86]:main():compute-mfcc-feats.cc:178) Processed features for key mgxp0_si457
VLOG[2] (compute-mfcc-feats[5.1.89~1-b1e86]:main():compute-mfcc-feats.cc:178) Processed features for key mgxp0_si525
VLOG[2] (compute-mfcc-feats[5.1.89~1-b1e86]:main():compute-mfcc-feats.cc:178) Processed features for key mgxp0_sx187
VLOG[2] (compute-mfcc-feats[5.1.89~1-b1e86]:main():compute-mfcc-feats.cc:178) Processed features for key mgxp0_sx277
VLOG[2] (compute-mfcc-feats[5.1.89~1-b1e86]:main():compute-mfcc-feats.cc:178) Processed features for key mgxp0_sx367
VLOG[2] (compute-mfcc-feats[5.1.89~1-b1e86]:main():compute-mfcc-feats.cc:178) Processed features for key mgxp0_sx7
LOG (compute-mfcc-feats[5.1.89~1-b1e86]:main():compute-mfcc-feats.cc:177) Processed 70 utterances
VLOG[2] (compute-mfcc-feats[5.1.89~1-b1e86]:main():compute-mfcc-feats.cc:178) Processed features for key mgxp0_sx97
VLOG[2] (compute-mfcc-feats[5.1.89~1-b1e86]:main():compute-mfcc-feats.cc:178) Processed features for key mhbs0_si1575
VLOG[2] (compute-mfcc-feats[5.1.89~1-b1e86]:main():compute-mfcc-feats.cc:178) Processed features for key mhbs0_si2205
VLOG[2] (compute-mfcc-feats[5.1.89~1-b1e86]:main():compute-mfcc-feats.cc:178) Processed features for key mhbs0_si945
VLOG[2] (compute-mfcc-feats[5.1.89~1-b1e86]:main():compute-mfcc-feats.cc:178) Processed features for key mhbs0_sx135
VLOG[2] (compute-mfcc-feats[5.1.89~1-b1e86]:main():compute-mfcc-feats.cc:178) Processed features for key mhbs0_sx225
VLOG[2] (compute-mfcc-feats[5.1.89~1-b1e86]:main():compute-mfcc-feats.cc:178) Processed features for key mhbs0_sx315
VLOG[2] (compute-mfcc-feats[5.1.89~1-b1e86]:main():compute-mfcc-feats.cc:178) Processed features for key mhbs0_sx405
VLOG[2] (compute-mfcc-feats[5.1.89~1-b1e86]:main():compute-mfcc-feats.cc:178) Processed features for key mhbs0_sx45
VLOG[2] (compute-mfcc-feats[5.1.89~1-b1e86]:main():compute-mfcc-feats.cc:178) Processed features for key mhit0_si1613
LOG (compute-mfcc-feats[5.1.89~1-b1e86]:main():compute-mfcc-feats.cc:177) Processed 80 utterances
VLOG[2] (compute-mfcc-feats[5.1.89~1-b1e86]:main():compute-mfcc-feats.cc:178) Processed features for key mhit0_si2243
VLOG[2] (compute-mfcc-feats[5.1.89~1-b1e86]:main():compute-mfcc-feats.cc:178) Processed features for key mhit0_si983
VLOG[2] (compute-mfcc-feats[5.1.89~1-b1e86]:main():compute-mfcc-feats.cc:178) Processed features for key mhit0_sx173
VLOG[2] (compute-mfcc-feats[5.1.89~1-b1e86]:main():compute-mfcc-feats.cc:178) Processed features for key mhit0_sx263
VLOG[2] (compute-mfcc-feats[5.1.89~1-b1e86]:main():compute-mfcc-feats.cc:178) Processed features for key mhit0_sx353
# Accounting: time=5 threads=1
# Ended (code 130) at Wed May 31 16:34:33 CST 2017, elapsed time 5 seconds
