# gmm-align-compiled --transition-scale=1.0 --acoustic-scale=0.1 --self-loop-scale=0.1 --beam=10 --retry-beam=40 --careful=false "gmm-boost-silence --boost=1.0 1 exp/mono/3.mdl - |" "ark:gunzip -c exp/mono/fsts.22.gz|" "ark,s,cs:apply-cmvn  --utt2spk=ark:data/train/split30/22/utt2spk scp:data/train/split30/22/cmvn.scp scp:data/train/split30/22/feats.scp ark:- | add-deltas ark:- ark:- |" "ark,t:|gzip -c >exp/mono/ali.22.gz" 
# Started at Tue May 30 20:51:42 CST 2017
#
gmm-align-compiled --transition-scale=1.0 --acoustic-scale=0.1 --self-loop-scale=0.1 --beam=10 --retry-beam=40 --careful=false 'gmm-boost-silence --boost=1.0 1 exp/mono/3.mdl - |' 'ark:gunzip -c exp/mono/fsts.22.gz|' 'ark,s,cs:apply-cmvn  --utt2spk=ark:data/train/split30/22/utt2spk scp:data/train/split30/22/cmvn.scp scp:data/train/split30/22/feats.scp ark:- | add-deltas ark:- ark:- |' 'ark,t:|gzip -c >exp/mono/ali.22.gz' 
gmm-boost-silence --boost=1.0 1 exp/mono/3.mdl - 
LOG (gmm-boost-silence[5.1.89~1-b1e86]:main():gmm-boost-silence.cc:93) Boosted weights for 3 pdfs, by factor of 1
LOG (gmm-boost-silence[5.1.89~1-b1e86]:main():gmm-boost-silence.cc:103) Wrote model to -
apply-cmvn --utt2spk=ark:data/train/split30/22/utt2spk scp:data/train/split30/22/cmvn.scp scp:data/train/split30/22/feats.scp ark:- 
add-deltas ark:- ark:- 
LOG (gmm-align-compiled[5.1.89~1-b1e86]:main():gmm-align-compiled.cc:127) mmgc0_si1305
LOG (gmm-align-compiled[5.1.89~1-b1e86]:main():gmm-align-compiled.cc:127) mmgc0_si1935
LOG (gmm-align-compiled[5.1.89~1-b1e86]:main():gmm-align-compiled.cc:127) mmgc0_si2184
LOG (gmm-align-compiled[5.1.89~1-b1e86]:main():gmm-align-compiled.cc:127) mmgc0_sx135
LOG (gmm-align-compiled[5.1.89~1-b1e86]:main():gmm-align-compiled.cc:127) mmgc0_sx225
LOG (gmm-align-compiled[5.1.89~1-b1e86]:main():gmm-align-compiled.cc:127) mmgc0_sx315
LOG (gmm-align-compiled[5.1.89~1-b1e86]:main():gmm-align-compiled.cc:127) mmgc0_sx405
LOG (gmm-align-compiled[5.1.89~1-b1e86]:main():gmm-align-compiled.cc:127) mmgc0_sx45
LOG (gmm-align-compiled[5.1.89~1-b1e86]:main():gmm-align-compiled.cc:127) mmgg0_si1079
LOG (gmm-align-compiled[5.1.89~1-b1e86]:main():gmm-align-compiled.cc:127) mmgg0_si1709
LOG (gmm-align-compiled[5.1.89~1-b1e86]:main():gmm-align-compiled.cc:127) mmgg0_si2339
LOG (gmm-align-compiled[5.1.89~1-b1e86]:main():gmm-align-compiled.cc:127) mmgg0_sx179
LOG (gmm-align-compiled[5.1.89~1-b1e86]:main():gmm-align-compiled.cc:127) mmgg0_sx269
LOG (gmm-align-compiled[5.1.89~1-b1e86]:main():gmm-align-compiled.cc:127) mmgg0_sx359
LOG (gmm-align-compiled[5.1.89~1-b1e86]:main():gmm-align-compiled.cc:127) mmgg0_sx449
LOG (gmm-align-compiled[5.1.89~1-b1e86]:main():gmm-align-compiled.cc:127) mmgg0_sx89
LOG (gmm-align-compiled[5.1.89~1-b1e86]:main():gmm-align-compiled.cc:127) mmgk0_si1322
LOG (gmm-align-compiled[5.1.89~1-b1e86]:main():gmm-align-compiled.cc:127) mmgk0_si1952
LOG (gmm-align-compiled[5.1.89~1-b1e86]:main():gmm-align-compiled.cc:127) mmgk0_si692
LOG (gmm-align-compiled[5.1.89~1-b1e86]:main():gmm-align-compiled.cc:127) mmgk0_sx152
LOG (gmm-align-compiled[5.1.89~1-b1e86]:main():gmm-align-compiled.cc:127) mmgk0_sx242
LOG (gmm-align-compiled[5.1.89~1-b1e86]:main():gmm-align-compiled.cc:127) mmgk0_sx332
LOG (gmm-align-compiled[5.1.89~1-b1e86]:main():gmm-align-compiled.cc:127) mmgk0_sx422
LOG (gmm-align-compiled[5.1.89~1-b1e86]:main():gmm-align-compiled.cc:127) mmgk0_sx62
LOG (gmm-align-compiled[5.1.89~1-b1e86]:main():gmm-align-compiled.cc:127) mmjb1_si1408
LOG (gmm-align-compiled[5.1.89~1-b1e86]:main():gmm-align-compiled.cc:127) mmjb1_si2038
LOG (gmm-align-compiled[5.1.89~1-b1e86]:main():gmm-align-compiled.cc:127) mmjb1_si778
LOG (gmm-align-compiled[5.1.89~1-b1e86]:main():gmm-align-compiled.cc:127) mmjb1_sx148
LOG (gmm-align-compiled[5.1.89~1-b1e86]:main():gmm-align-compiled.cc:127) mmjb1_sx238
LOG (gmm-align-compiled[5.1.89~1-b1e86]:main():gmm-align-compiled.cc:127) mmjb1_sx328
LOG (gmm-align-compiled[5.1.89~1-b1e86]:main():gmm-align-compiled.cc:127) mmjb1_sx418
LOG (gmm-align-compiled[5.1.89~1-b1e86]:main():gmm-align-compiled.cc:127) mmjb1_sx58
LOG (gmm-align-compiled[5.1.89~1-b1e86]:main():gmm-align-compiled.cc:127) mmlm0_si1527
LOG (gmm-align-compiled[5.1.89~1-b1e86]:main():gmm-align-compiled.cc:127) mmlm0_si2150
LOG (gmm-align-compiled[5.1.89~1-b1e86]:main():gmm-align-compiled.cc:127) mmlm0_si897
LOG (gmm-align-compiled[5.1.89~1-b1e86]:main():gmm-align-compiled.cc:127) mmlm0_sx177
LOG (gmm-align-compiled[5.1.89~1-b1e86]:main():gmm-align-compiled.cc:127) mmlm0_sx267
LOG (gmm-align-compiled[5.1.89~1-b1e86]:main():gmm-align-compiled.cc:127) mmlm0_sx357
LOG (gmm-align-compiled[5.1.89~1-b1e86]:main():gmm-align-compiled.cc:127) mmlm0_sx447
LOG (gmm-align-compiled[5.1.89~1-b1e86]:main():gmm-align-compiled.cc:127) mmlm0_sx87
LOG (gmm-align-compiled[5.1.89~1-b1e86]:main():gmm-align-compiled.cc:127) mmpm0_si1061
LOG (gmm-align-compiled[5.1.89~1-b1e86]:main():gmm-align-compiled.cc:127) mmpm0_si1691
LOG (gmm-align-compiled[5.1.89~1-b1e86]:main():gmm-align-compiled.cc:127) mmpm0_si2321
LOG (gmm-align-compiled[5.1.89~1-b1e86]:main():gmm-align-compiled.cc:127) mmpm0_sx161
LOG (gmm-align-compiled[5.1.89~1-b1e86]:main():gmm-align-compiled.cc:127) mmpm0_sx251
LOG (gmm-align-compiled[5.1.89~1-b1e86]:main():gmm-align-compiled.cc:127) mmpm0_sx341
LOG (gmm-align-compiled[5.1.89~1-b1e86]:main():gmm-align-compiled.cc:127) mmpm0_sx431
LOG (gmm-align-compiled[5.1.89~1-b1e86]:main():gmm-align-compiled.cc:127) mmpm0_sx71
LOG (gmm-align-compiled[5.1.89~1-b1e86]:main():gmm-align-compiled.cc:127) mmrp0_si2034
LOG (gmm-align-compiled[5.1.89~1-b1e86]:main():gmm-align-compiled.cc:127) mmrp0_si717
LOG (gmm-align-compiled[5.1.89~1-b1e86]:main():gmm-align-compiled.cc:127) mmrp0_si774
LOG (gmm-align-compiled[5.1.89~1-b1e86]:main():gmm-align-compiled.cc:127) mmrp0_sx144
LOG (gmm-align-compiled[5.1.89~1-b1e86]:main():gmm-align-compiled.cc:127) mmrp0_sx234
LOG (gmm-align-compiled[5.1.89~1-b1e86]:main():gmm-align-compiled.cc:127) mmrp0_sx324
LOG (gmm-align-compiled[5.1.89~1-b1e86]:main():gmm-align-compiled.cc:127) mmrp0_sx414
LOG (gmm-align-compiled[5.1.89~1-b1e86]:main():gmm-align-compiled.cc:127) mmrp0_sx54
LOG (gmm-align-compiled[5.1.89~1-b1e86]:main():gmm-align-compiled.cc:127) mmsm0_si1106
LOG (gmm-align-compiled[5.1.89~1-b1e86]:main():gmm-align-compiled.cc:127) mmsm0_si1736
LOG (gmm-align-compiled[5.1.89~1-b1e86]:main():gmm-align-compiled.cc:127) mmsm0_si476
LOG (gmm-align-compiled[5.1.89~1-b1e86]:main():gmm-align-compiled.cc:127) mmsm0_sx116
LOG (gmm-align-compiled[5.1.89~1-b1e86]:main():gmm-align-compiled.cc:127) mmsm0_sx206
LOG (gmm-align-compiled[5.1.89~1-b1e86]:main():gmm-align-compiled.cc:127) mmsm0_sx26
LOG (gmm-align-compiled[5.1.89~1-b1e86]:main():gmm-align-compiled.cc:127) mmsm0_sx296
LOG (gmm-align-compiled[5.1.89~1-b1e86]:main():gmm-align-compiled.cc:127) mmsm0_sx386
LOG (gmm-align-compiled[5.1.89~1-b1e86]:main():gmm-align-compiled.cc:127) mmvp0_si1284
LOG (gmm-align-compiled[5.1.89~1-b1e86]:main():gmm-align-compiled.cc:127) mmvp0_si1914
LOG (gmm-align-compiled[5.1.89~1-b1e86]:main():gmm-align-compiled.cc:127) mmvp0_si654
LOG (gmm-align-compiled[5.1.89~1-b1e86]:main():gmm-align-compiled.cc:127) mmvp0_sx114
LOG (gmm-align-compiled[5.1.89~1-b1e86]:main():gmm-align-compiled.cc:127) mmvp0_sx204
LOG (gmm-align-compiled[5.1.89~1-b1e86]:main():gmm-align-compiled.cc:127) mmvp0_sx294
LOG (gmm-align-compiled[5.1.89~1-b1e86]:main():gmm-align-compiled.cc:127) mmvp0_sx347
LOG (gmm-align-compiled[5.1.89~1-b1e86]:main():gmm-align-compiled.cc:127) mmvp0_sx384
LOG (gmm-align-compiled[5.1.89~1-b1e86]:main():gmm-align-compiled.cc:127) mmwb0_si1619
LOG (gmm-align-compiled[5.1.89~1-b1e86]:main():gmm-align-compiled.cc:127) mmwb0_si2249
LOG (gmm-align-compiled[5.1.89~1-b1e86]:main():gmm-align-compiled.cc:127) mmwb0_si989
LOG (gmm-align-compiled[5.1.89~1-b1e86]:main():gmm-align-compiled.cc:127) mmwb0_sx179
LOG (gmm-align-compiled[5.1.89~1-b1e86]:main():gmm-align-compiled.cc:127) mmwb0_sx269
LOG (gmm-align-compiled[5.1.89~1-b1e86]:main():gmm-align-compiled.cc:127) mmwb0_sx359
LOG (gmm-align-compiled[5.1.89~1-b1e86]:main():gmm-align-compiled.cc:127) mmwb0_sx449
LOG (gmm-align-compiled[5.1.89~1-b1e86]:main():gmm-align-compiled.cc:127) mmwb0_sx89
LOG (gmm-align-compiled[5.1.89~1-b1e86]:main():gmm-align-compiled.cc:127) mmws0_si1518
LOG (gmm-align-compiled[5.1.89~1-b1e86]:main():gmm-align-compiled.cc:127) mmws0_si559
LOG (gmm-align-compiled[5.1.89~1-b1e86]:main():gmm-align-compiled.cc:127) mmws0_si888
LOG (gmm-align-compiled[5.1.89~1-b1e86]:main():gmm-align-compiled.cc:127) mmws0_sx168
LOG (gmm-align-compiled[5.1.89~1-b1e86]:main():gmm-align-compiled.cc:127) mmws0_sx258
LOG (gmm-align-compiled[5.1.89~1-b1e86]:main():gmm-align-compiled.cc:127) mmws0_sx348
LOG (gmm-align-compiled[5.1.89~1-b1e86]:main():gmm-align-compiled.cc:127) mmws0_sx438
LOG (gmm-align-compiled[5.1.89~1-b1e86]:main():gmm-align-compiled.cc:127) mmws0_sx78
LOG (gmm-align-compiled[5.1.89~1-b1e86]:main():gmm-align-compiled.cc:127) mmws1_si1071
LOG (gmm-align-compiled[5.1.89~1-b1e86]:main():gmm-align-compiled.cc:127) mmws1_si1701
LOG (gmm-align-compiled[5.1.89~1-b1e86]:main():gmm-align-compiled.cc:127) mmws1_si2331
LOG (gmm-align-compiled[5.1.89~1-b1e86]:main():gmm-align-compiled.cc:127) mmws1_sx261
LOG (gmm-align-compiled[5.1.89~1-b1e86]:main():gmm-align-compiled.cc:127) mmws1_sx27
LOG (gmm-align-compiled[5.1.89~1-b1e86]:main():gmm-align-compiled.cc:127) mmws1_sx351
LOG (gmm-align-compiled[5.1.89~1-b1e86]:main():gmm-align-compiled.cc:127) mmws1_sx441
LOG (gmm-align-compiled[5.1.89~1-b1e86]:main():gmm-align-compiled.cc:127) mmws1_sx81
LOG (gmm-align-compiled[5.1.89~1-b1e86]:main():gmm-align-compiled.cc:127) mmxs0_si2136
LOG (gmm-align-compiled[5.1.89~1-b1e86]:main():gmm-align-compiled.cc:127) mmxs0_si629
LOG (gmm-align-compiled[5.1.89~1-b1e86]:main():gmm-align-compiled.cc:127) mmxs0_si876
LOG (gmm-align-compiled[5.1.89~1-b1e86]:main():gmm-align-compiled.cc:127) mmxs0_sx156
LOG (gmm-align-compiled[5.1.89~1-b1e86]:main():gmm-align-compiled.cc:127) mmxs0_sx246
LOG (gmm-align-compiled[5.1.89~1-b1e86]:main():gmm-align-compiled.cc:127) mmxs0_sx336
LOG (gmm-align-compiled[5.1.89~1-b1e86]:main():gmm-align-compiled.cc:127) mmxs0_sx426
LOG (gmm-align-compiled[5.1.89~1-b1e86]:main():gmm-align-compiled.cc:127) mmxs0_sx66
LOG (gmm-align-compiled[5.1.89~1-b1e86]:main():gmm-align-compiled.cc:127) mnet0_si1446
LOG (gmm-align-compiled[5.1.89~1-b1e86]:main():gmm-align-compiled.cc:127) mnet0_si2076
LOG (gmm-align-compiled[5.1.89~1-b1e86]:main():gmm-align-compiled.cc:127) mnet0_si816
LOG (gmm-align-compiled[5.1.89~1-b1e86]:main():gmm-align-compiled.cc:127) mnet0_sx186
LOG (gmm-align-compiled[5.1.89~1-b1e86]:main():gmm-align-compiled.cc:127) mnet0_sx276
LOG (gmm-align-compiled[5.1.89~1-b1e86]:main():gmm-align-compiled.cc:127) mnet0_sx366
LOG (gmm-align-compiled[5.1.89~1-b1e86]:main():gmm-align-compiled.cc:127) mnet0_sx6
LOG (gmm-align-compiled[5.1.89~1-b1e86]:main():gmm-align-compiled.cc:127) mnet0_sx96
LOG (gmm-align-compiled[5.1.89~1-b1e86]:main():gmm-align-compiled.cc:127) mntw0_si1068
LOG (apply-cmvn[5.1.89~1-b1e86]:main():apply-cmvn.cc:146) Applied cepstral mean normalization to 120 utterances, errors on 0
LOG (gmm-align-compiled[5.1.89~1-b1e86]:main():gmm-align-compiled.cc:127) mntw0_si1698
LOG (gmm-align-compiled[5.1.89~1-b1e86]:main():gmm-align-compiled.cc:127) mntw0_si2328
LOG (gmm-align-compiled[5.1.89~1-b1e86]:main():gmm-align-compiled.cc:127) mntw0_sx168
LOG (gmm-align-compiled[5.1.89~1-b1e86]:main():gmm-align-compiled.cc:127) mntw0_sx202
LOG (gmm-align-compiled[5.1.89~1-b1e86]:main():gmm-align-compiled.cc:127) mntw0_sx258
LOG (gmm-align-compiled[5.1.89~1-b1e86]:main():gmm-align-compiled.cc:127) mntw0_sx348
LOG (gmm-align-compiled[5.1.89~1-b1e86]:main():gmm-align-compiled.cc:127) mntw0_sx78
LOG (gmm-align-compiled[5.1.89~1-b1e86]:main():gmm-align-compiled.cc:135) Overall log-likelihood per frame is -102.728 over 35861 frames.
LOG (gmm-align-compiled[5.1.89~1-b1e86]:main():gmm-align-compiled.cc:137) Retried 0 out of 120 utterances.
LOG (gmm-align-compiled[5.1.89~1-b1e86]:main():gmm-align-compiled.cc:139) Done 120, errors on 0
# Accounting: time=4 threads=1
# Ended (code 0) at Tue May 30 20:51:46 CST 2017, elapsed time 4 seconds
