# gmm-align-compiled --transition-scale=1.0 --acoustic-scale=0.1 --self-loop-scale=0.1 --beam=10 --retry-beam=40 --careful=false "gmm-boost-silence --boost=1.0 1 exp/mono/12.mdl - |" "ark:gunzip -c exp/mono/fsts.9.gz|" "ark,s,cs:apply-cmvn  --utt2spk=ark:data/train/split30/9/utt2spk scp:data/train/split30/9/cmvn.scp scp:data/train/split30/9/feats.scp ark:- | add-deltas ark:- ark:- |" "ark,t:|gzip -c >exp/mono/ali.9.gz" 
# Started at Tue May 30 20:58:21 CST 2017
#
gmm-align-compiled --transition-scale=1.0 --acoustic-scale=0.1 --self-loop-scale=0.1 --beam=10 --retry-beam=40 --careful=false 'gmm-boost-silence --boost=1.0 1 exp/mono/12.mdl - |' 'ark:gunzip -c exp/mono/fsts.9.gz|' 'ark,s,cs:apply-cmvn  --utt2spk=ark:data/train/split30/9/utt2spk scp:data/train/split30/9/cmvn.scp scp:data/train/split30/9/feats.scp ark:- | add-deltas ark:- ark:- |' 'ark,t:|gzip -c >exp/mono/ali.9.gz' 
gmm-boost-silence --boost=1.0 1 exp/mono/12.mdl - 
LOG (gmm-boost-silence[5.1.89~1-b1e86]:main():gmm-boost-silence.cc:93) Boosted weights for 3 pdfs, by factor of 1
LOG (gmm-boost-silence[5.1.89~1-b1e86]:main():gmm-boost-silence.cc:103) Wrote model to -
apply-cmvn --utt2spk=ark:data/train/split30/9/utt2spk scp:data/train/split30/9/cmvn.scp scp:data/train/split30/9/feats.scp ark:- 
add-deltas ark:- ark:- 
LOG (gmm-align-compiled[5.1.89~1-b1e86]:main():gmm-align-compiled.cc:127) fsms1_si1504
LOG (gmm-align-compiled[5.1.89~1-b1e86]:main():gmm-align-compiled.cc:127) fsms1_si2134
LOG (gmm-align-compiled[5.1.89~1-b1e86]:main():gmm-align-compiled.cc:127) fsms1_si874
LOG (gmm-align-compiled[5.1.89~1-b1e86]:main():gmm-align-compiled.cc:127) fsms1_sx154
LOG (gmm-align-compiled[5.1.89~1-b1e86]:main():gmm-align-compiled.cc:127) fsms1_sx244
LOG (gmm-align-compiled[5.1.89~1-b1e86]:main():gmm-align-compiled.cc:127) fsms1_sx334
LOG (gmm-align-compiled[5.1.89~1-b1e86]:main():gmm-align-compiled.cc:127) fsms1_sx347
LOG (gmm-align-compiled[5.1.89~1-b1e86]:main():gmm-align-compiled.cc:127) fsms1_sx64
LOG (gmm-align-compiled[5.1.89~1-b1e86]:main():gmm-align-compiled.cc:127) fspm0_si1241
LOG (gmm-align-compiled[5.1.89~1-b1e86]:main():gmm-align-compiled.cc:127) fspm0_si1871
LOG (gmm-align-compiled[5.1.89~1-b1e86]:main():gmm-align-compiled.cc:127) fspm0_si611
LOG (gmm-align-compiled[5.1.89~1-b1e86]:main():gmm-align-compiled.cc:127) fspm0_sx161
LOG (gmm-align-compiled[5.1.89~1-b1e86]:main():gmm-align-compiled.cc:127) fspm0_sx251
LOG (gmm-align-compiled[5.1.89~1-b1e86]:main():gmm-align-compiled.cc:127) fspm0_sx341
LOG (gmm-align-compiled[5.1.89~1-b1e86]:main():gmm-align-compiled.cc:127) fspm0_sx431
LOG (gmm-align-compiled[5.1.89~1-b1e86]:main():gmm-align-compiled.cc:127) fspm0_sx71
LOG (gmm-align-compiled[5.1.89~1-b1e86]:main():gmm-align-compiled.cc:127) fsrh0_si1719
LOG (gmm-align-compiled[5.1.89~1-b1e86]:main():gmm-align-compiled.cc:127) fsrh0_si1931
LOG (gmm-align-compiled[5.1.89~1-b1e86]:main():gmm-align-compiled.cc:127) fsrh0_si671
LOG (gmm-align-compiled[5.1.89~1-b1e86]:main():gmm-align-compiled.cc:127) fsrh0_sx131
LOG (gmm-align-compiled[5.1.89~1-b1e86]:main():gmm-align-compiled.cc:127) fsrh0_sx221
LOG (gmm-align-compiled[5.1.89~1-b1e86]:main():gmm-align-compiled.cc:127) fsrh0_sx311
LOG (gmm-align-compiled[5.1.89~1-b1e86]:main():gmm-align-compiled.cc:127) fsrh0_sx401
LOG (gmm-align-compiled[5.1.89~1-b1e86]:main():gmm-align-compiled.cc:127) fsrh0_sx41
LOG (gmm-align-compiled[5.1.89~1-b1e86]:main():gmm-align-compiled.cc:127) fssb0_si1082
LOG (gmm-align-compiled[5.1.89~1-b1e86]:main():gmm-align-compiled.cc:127) fssb0_si1712
LOG (gmm-align-compiled[5.1.89~1-b1e86]:main():gmm-align-compiled.cc:127) fssb0_si2342
LOG (gmm-align-compiled[5.1.89~1-b1e86]:main():gmm-align-compiled.cc:127) fssb0_sx182
LOG (gmm-align-compiled[5.1.89~1-b1e86]:main():gmm-align-compiled.cc:127) fssb0_sx272
LOG (gmm-align-compiled[5.1.89~1-b1e86]:main():gmm-align-compiled.cc:127) fssb0_sx362
LOG (gmm-align-compiled[5.1.89~1-b1e86]:main():gmm-align-compiled.cc:127) fssb0_sx452
LOG (gmm-align-compiled[5.1.89~1-b1e86]:main():gmm-align-compiled.cc:127) fssb0_sx92
LOG (gmm-align-compiled[5.1.89~1-b1e86]:main():gmm-align-compiled.cc:127) ftaj0_si1329
LOG (gmm-align-compiled[5.1.89~1-b1e86]:main():gmm-align-compiled.cc:127) ftaj0_si474
LOG (gmm-align-compiled[5.1.89~1-b1e86]:main():gmm-align-compiled.cc:127) ftaj0_si699
LOG (gmm-align-compiled[5.1.89~1-b1e86]:main():gmm-align-compiled.cc:127) ftaj0_sx159
LOG (gmm-align-compiled[5.1.89~1-b1e86]:main():gmm-align-compiled.cc:127) ftaj0_sx249
LOG (gmm-align-compiled[5.1.89~1-b1e86]:main():gmm-align-compiled.cc:127) ftaj0_sx339
LOG (gmm-align-compiled[5.1.89~1-b1e86]:main():gmm-align-compiled.cc:127) ftaj0_sx429
LOG (gmm-align-compiled[5.1.89~1-b1e86]:main():gmm-align-compiled.cc:127) ftaj0_sx69
LOG (gmm-align-compiled[5.1.89~1-b1e86]:main():gmm-align-compiled.cc:127) ftbr0_si1402
LOG (gmm-align-compiled[5.1.89~1-b1e86]:main():gmm-align-compiled.cc:127) ftbr0_si2181
LOG (gmm-align-compiled[5.1.89~1-b1e86]:main():gmm-align-compiled.cc:127) ftbr0_si921
LOG (gmm-align-compiled[5.1.89~1-b1e86]:main():gmm-align-compiled.cc:127) ftbr0_sx111
LOG (gmm-align-compiled[5.1.89~1-b1e86]:main():gmm-align-compiled.cc:127) ftbr0_sx201
LOG (gmm-align-compiled[5.1.89~1-b1e86]:main():gmm-align-compiled.cc:127) ftbr0_sx21
LOG (gmm-align-compiled[5.1.89~1-b1e86]:main():gmm-align-compiled.cc:127) ftbr0_sx291
LOG (gmm-align-compiled[5.1.89~1-b1e86]:main():gmm-align-compiled.cc:127) ftbr0_sx381
LOG (gmm-align-compiled[5.1.89~1-b1e86]:main():gmm-align-compiled.cc:127) ftbw0_si1345
LOG (gmm-align-compiled[5.1.89~1-b1e86]:main():gmm-align-compiled.cc:127) ftbw0_si1975
LOG (gmm-align-compiled[5.1.89~1-b1e86]:main():gmm-align-compiled.cc:127) ftbw0_si715
LOG (gmm-align-compiled[5.1.89~1-b1e86]:main():gmm-align-compiled.cc:127) ftbw0_sx175
LOG (gmm-align-compiled[5.1.89~1-b1e86]:main():gmm-align-compiled.cc:127) ftbw0_sx265
LOG (gmm-align-compiled[5.1.89~1-b1e86]:main():gmm-align-compiled.cc:127) ftbw0_sx355
LOG (gmm-align-compiled[5.1.89~1-b1e86]:main():gmm-align-compiled.cc:127) ftbw0_sx445
LOG (gmm-align-compiled[5.1.89~1-b1e86]:main():gmm-align-compiled.cc:127) ftbw0_sx85
LOG (gmm-align-compiled[5.1.89~1-b1e86]:main():gmm-align-compiled.cc:127) ftlg0_si1743
LOG (gmm-align-compiled[5.1.89~1-b1e86]:main():gmm-align-compiled.cc:127) ftlg0_si483
LOG (gmm-align-compiled[5.1.89~1-b1e86]:main():gmm-align-compiled.cc:127) ftlg0_si840
LOG (gmm-align-compiled[5.1.89~1-b1e86]:main():gmm-align-compiled.cc:127) ftlg0_sx123
LOG (gmm-align-compiled[5.1.89~1-b1e86]:main():gmm-align-compiled.cc:127) ftlg0_sx213
LOG (gmm-align-compiled[5.1.89~1-b1e86]:main():gmm-align-compiled.cc:127) ftlg0_sx303
LOG (gmm-align-compiled[5.1.89~1-b1e86]:main():gmm-align-compiled.cc:127) ftlg0_sx33
LOG (gmm-align-compiled[5.1.89~1-b1e86]:main():gmm-align-compiled.cc:127) ftlg0_sx393
LOG (gmm-align-compiled[5.1.89~1-b1e86]:main():gmm-align-compiled.cc:127) ftmg0_si1532
LOG (gmm-align-compiled[5.1.89~1-b1e86]:main():gmm-align-compiled.cc:127) ftmg0_si2162
LOG (gmm-align-compiled[5.1.89~1-b1e86]:main():gmm-align-compiled.cc:127) ftmg0_si902
LOG (gmm-align-compiled[5.1.89~1-b1e86]:main():gmm-align-compiled.cc:127) ftmg0_sx182
LOG (gmm-align-compiled[5.1.89~1-b1e86]:main():gmm-align-compiled.cc:127) ftmg0_sx272
LOG (gmm-align-compiled[5.1.89~1-b1e86]:main():gmm-align-compiled.cc:127) ftmg0_sx362
LOG (gmm-align-compiled[5.1.89~1-b1e86]:main():gmm-align-compiled.cc:127) ftmg0_sx452
LOG (gmm-align-compiled[5.1.89~1-b1e86]:main():gmm-align-compiled.cc:127) ftmg0_sx92
LOG (gmm-align-compiled[5.1.89~1-b1e86]:main():gmm-align-compiled.cc:127) fvfb0_si1032
LOG (gmm-align-compiled[5.1.89~1-b1e86]:main():gmm-align-compiled.cc:127) fvfb0_si1510
LOG (gmm-align-compiled[5.1.89~1-b1e86]:main():gmm-align-compiled.cc:127) fvfb0_si2292
LOG (gmm-align-compiled[5.1.89~1-b1e86]:main():gmm-align-compiled.cc:127) fvfb0_sx132
LOG (gmm-align-compiled[5.1.89~1-b1e86]:main():gmm-align-compiled.cc:127) fvfb0_sx222
LOG (gmm-align-compiled[5.1.89~1-b1e86]:main():gmm-align-compiled.cc:127) fvfb0_sx312
LOG (gmm-align-compiled[5.1.89~1-b1e86]:main():gmm-align-compiled.cc:127) fvfb0_sx402
LOG (gmm-align-compiled[5.1.89~1-b1e86]:main():gmm-align-compiled.cc:127) fvfb0_sx42
LOG (gmm-align-compiled[5.1.89~1-b1e86]:main():gmm-align-compiled.cc:127) fvkb0_si1159
LOG (gmm-align-compiled[5.1.89~1-b1e86]:main():gmm-align-compiled.cc:127) fvkb0_si1789
LOG (gmm-align-compiled[5.1.89~1-b1e86]:main():gmm-align-compiled.cc:127) fvkb0_si529
LOG (gmm-align-compiled[5.1.89~1-b1e86]:main():gmm-align-compiled.cc:127) fvkb0_sx169
LOG (gmm-align-compiled[5.1.89~1-b1e86]:main():gmm-align-compiled.cc:127) fvkb0_sx259
LOG (gmm-align-compiled[5.1.89~1-b1e86]:main():gmm-align-compiled.cc:127) fvkb0_sx349
LOG (gmm-align-compiled[5.1.89~1-b1e86]:main():gmm-align-compiled.cc:127) fvkb0_sx439
LOG (gmm-align-compiled[5.1.89~1-b1e86]:main():gmm-align-compiled.cc:127) fvkb0_sx79
LOG (gmm-align-compiled[5.1.89~1-b1e86]:main():gmm-align-compiled.cc:127) fvmh0_si1466
LOG (gmm-align-compiled[5.1.89~1-b1e86]:main():gmm-align-compiled.cc:127) fvmh0_si2096
LOG (gmm-align-compiled[5.1.89~1-b1e86]:main():gmm-align-compiled.cc:127) fvmh0_si836
LOG (gmm-align-compiled[5.1.89~1-b1e86]:main():gmm-align-compiled.cc:127) fvmh0_sx116
LOG (gmm-align-compiled[5.1.89~1-b1e86]:main():gmm-align-compiled.cc:127) fvmh0_sx206
LOG (gmm-align-compiled[5.1.89~1-b1e86]:main():gmm-align-compiled.cc:127) fvmh0_sx26
LOG (gmm-align-compiled[5.1.89~1-b1e86]:main():gmm-align-compiled.cc:127) fvmh0_sx296
LOG (gmm-align-compiled[5.1.89~1-b1e86]:main():gmm-align-compiled.cc:127) fvmh0_sx386
LOG (gmm-align-compiled[5.1.89~1-b1e86]:main():gmm-align-compiled.cc:127) mabc0_si1620
LOG (gmm-align-compiled[5.1.89~1-b1e86]:main():gmm-align-compiled.cc:127) mabc0_si2041
LOG (gmm-align-compiled[5.1.89~1-b1e86]:main():gmm-align-compiled.cc:127) mabc0_si781
LOG (gmm-align-compiled[5.1.89~1-b1e86]:main():gmm-align-compiled.cc:127) mabc0_sx151
LOG (gmm-align-compiled[5.1.89~1-b1e86]:main():gmm-align-compiled.cc:127) mabc0_sx241
LOG (gmm-align-compiled[5.1.89~1-b1e86]:main():gmm-align-compiled.cc:127) mabc0_sx331
LOG (gmm-align-compiled[5.1.89~1-b1e86]:main():gmm-align-compiled.cc:127) mabc0_sx421
LOG (gmm-align-compiled[5.1.89~1-b1e86]:main():gmm-align-compiled.cc:127) mabc0_sx61
LOG (gmm-align-compiled[5.1.89~1-b1e86]:main():gmm-align-compiled.cc:127) madc0_si1367
LOG (gmm-align-compiled[5.1.89~1-b1e86]:main():gmm-align-compiled.cc:127) madc0_si1997
LOG (gmm-align-compiled[5.1.89~1-b1e86]:main():gmm-align-compiled.cc:127) madc0_si737
LOG (gmm-align-compiled[5.1.89~1-b1e86]:main():gmm-align-compiled.cc:127) madc0_sx107
LOG (gmm-align-compiled[5.1.89~1-b1e86]:main():gmm-align-compiled.cc:127) madc0_sx17
LOG (gmm-align-compiled[5.1.89~1-b1e86]:main():gmm-align-compiled.cc:127) madc0_sx197
LOG (gmm-align-compiled[5.1.89~1-b1e86]:main():gmm-align-compiled.cc:127) madc0_sx287
LOG (gmm-align-compiled[5.1.89~1-b1e86]:main():gmm-align-compiled.cc:127) madc0_sx377
LOG (gmm-align-compiled[5.1.89~1-b1e86]:main():gmm-align-compiled.cc:127) madd0_si1295
LOG (apply-cmvn[5.1.89~1-b1e86]:main():apply-cmvn.cc:146) Applied cepstral mean normalization to 120 utterances, errors on 0
LOG (gmm-align-compiled[5.1.89~1-b1e86]:main():gmm-align-compiled.cc:127) madd0_si1798
LOG (gmm-align-compiled[5.1.89~1-b1e86]:main():gmm-align-compiled.cc:127) madd0_si538
LOG (gmm-align-compiled[5.1.89~1-b1e86]:main():gmm-align-compiled.cc:127) madd0_sx178
LOG (gmm-align-compiled[5.1.89~1-b1e86]:main():gmm-align-compiled.cc:127) madd0_sx268
LOG (gmm-align-compiled[5.1.89~1-b1e86]:main():gmm-align-compiled.cc:127) madd0_sx358
LOG (gmm-align-compiled[5.1.89~1-b1e86]:main():gmm-align-compiled.cc:127) madd0_sx448
LOG (gmm-align-compiled[5.1.89~1-b1e86]:main():gmm-align-compiled.cc:127) madd0_sx88
LOG (gmm-align-compiled[5.1.89~1-b1e86]:main():gmm-align-compiled.cc:135) Overall log-likelihood per frame is -101.179 over 35329 frames.
LOG (gmm-align-compiled[5.1.89~1-b1e86]:main():gmm-align-compiled.cc:137) Retried 0 out of 120 utterances.
LOG (gmm-align-compiled[5.1.89~1-b1e86]:main():gmm-align-compiled.cc:139) Done 120, errors on 0
# Accounting: time=4 threads=1
# Ended (code 0) at Tue May 30 20:58:25 CST 2017, elapsed time 4 seconds
