# gmm-align-compiled --transition-scale=1.0 --acoustic-scale=0.1 --self-loop-scale=0.1 --beam=10 --retry-beam=40 --careful=false "gmm-boost-silence --boost=1.0 1 exp/mono/4.mdl - |" "ark:gunzip -c exp/mono/fsts.29.gz|" "ark,s,cs:apply-cmvn  --utt2spk=ark:data/train/split30/29/utt2spk scp:data/train/split30/29/cmvn.scp scp:data/train/split30/29/feats.scp ark:- | add-deltas ark:- ark:- |" "ark,t:|gzip -c >exp/mono/ali.29.gz" 
# Started at Tue May 30 20:52:37 CST 2017
#
gmm-align-compiled --transition-scale=1.0 --acoustic-scale=0.1 --self-loop-scale=0.1 --beam=10 --retry-beam=40 --careful=false 'gmm-boost-silence --boost=1.0 1 exp/mono/4.mdl - |' 'ark:gunzip -c exp/mono/fsts.29.gz|' 'ark,s,cs:apply-cmvn  --utt2spk=ark:data/train/split30/29/utt2spk scp:data/train/split30/29/cmvn.scp scp:data/train/split30/29/feats.scp ark:- | add-deltas ark:- ark:- |' 'ark,t:|gzip -c >exp/mono/ali.29.gz' 
gmm-boost-silence --boost=1.0 1 exp/mono/4.mdl - 
LOG (gmm-boost-silence[5.1.89~1-b1e86]:main():gmm-boost-silence.cc:93) Boosted weights for 3 pdfs, by factor of 1
LOG (gmm-boost-silence[5.1.89~1-b1e86]:main():gmm-boost-silence.cc:103) Wrote model to -
apply-cmvn --utt2spk=ark:data/train/split30/29/utt2spk scp:data/train/split30/29/cmvn.scp scp:data/train/split30/29/feats.scp ark:- 
add-deltas ark:- ark:- 
LOG (gmm-align-compiled[5.1.89~1-b1e86]:main():gmm-align-compiled.cc:127) mtlb0_si1134
LOG (gmm-align-compiled[5.1.89~1-b1e86]:main():gmm-align-compiled.cc:127) mtlb0_si1764
LOG (gmm-align-compiled[5.1.89~1-b1e86]:main():gmm-align-compiled.cc:127) mtlb0_si504
LOG (gmm-align-compiled[5.1.89~1-b1e86]:main():gmm-align-compiled.cc:127) mtlb0_sx144
LOG (gmm-align-compiled[5.1.89~1-b1e86]:main():gmm-align-compiled.cc:127) mtlb0_sx234
LOG (gmm-align-compiled[5.1.89~1-b1e86]:main():gmm-align-compiled.cc:127) mtlb0_sx324
LOG (gmm-align-compiled[5.1.89~1-b1e86]:main():gmm-align-compiled.cc:127) mtlb0_sx414
LOG (gmm-align-compiled[5.1.89~1-b1e86]:main():gmm-align-compiled.cc:127) mtlb0_sx54
LOG (gmm-align-compiled[5.1.89~1-b1e86]:main():gmm-align-compiled.cc:127) mtlc0_si1313
LOG (gmm-align-compiled[5.1.89~1-b1e86]:main():gmm-align-compiled.cc:127) mtlc0_si1477
LOG (gmm-align-compiled[5.1.89~1-b1e86]:main():gmm-align-compiled.cc:127) mtlc0_si847
LOG (gmm-align-compiled[5.1.89~1-b1e86]:main():gmm-align-compiled.cc:127) mtlc0_sx127
LOG (gmm-align-compiled[5.1.89~1-b1e86]:main():gmm-align-compiled.cc:127) mtlc0_sx217
LOG (gmm-align-compiled[5.1.89~1-b1e86]:main():gmm-align-compiled.cc:127) mtlc0_sx307
LOG (gmm-align-compiled[5.1.89~1-b1e86]:main():gmm-align-compiled.cc:127) mtlc0_sx37
LOG (gmm-align-compiled[5.1.89~1-b1e86]:main():gmm-align-compiled.cc:127) mtlc0_sx397
LOG (gmm-align-compiled[5.1.89~1-b1e86]:main():gmm-align-compiled.cc:127) mtml0_si1065
LOG (gmm-align-compiled[5.1.89~1-b1e86]:main():gmm-align-compiled.cc:127) mtml0_si1695
LOG (gmm-align-compiled[5.1.89~1-b1e86]:main():gmm-align-compiled.cc:127) mtml0_si2325
LOG (gmm-align-compiled[5.1.89~1-b1e86]:main():gmm-align-compiled.cc:127) mtml0_sx165
LOG (gmm-align-compiled[5.1.89~1-b1e86]:main():gmm-align-compiled.cc:127) mtml0_sx255
LOG (gmm-align-compiled[5.1.89~1-b1e86]:main():gmm-align-compiled.cc:127) mtml0_sx345
LOG (gmm-align-compiled[5.1.89~1-b1e86]:main():gmm-align-compiled.cc:127) mtml0_sx435
LOG (gmm-align-compiled[5.1.89~1-b1e86]:main():gmm-align-compiled.cc:127) mtml0_sx75
LOG (gmm-align-compiled[5.1.89~1-b1e86]:main():gmm-align-compiled.cc:127) mtmn0_si1064
LOG (gmm-align-compiled[5.1.89~1-b1e86]:main():gmm-align-compiled.cc:127) mtmn0_si2324
LOG (gmm-align-compiled[5.1.89~1-b1e86]:main():gmm-align-compiled.cc:127) mtmn0_si582
LOG (gmm-align-compiled[5.1.89~1-b1e86]:main():gmm-align-compiled.cc:127) mtmn0_sx164
LOG (gmm-align-compiled[5.1.89~1-b1e86]:main():gmm-align-compiled.cc:127) mtmn0_sx254
LOG (gmm-align-compiled[5.1.89~1-b1e86]:main():gmm-align-compiled.cc:127) mtmn0_sx344
LOG (gmm-align-compiled[5.1.89~1-b1e86]:main():gmm-align-compiled.cc:127) mtmn0_sx434
LOG (gmm-align-compiled[5.1.89~1-b1e86]:main():gmm-align-compiled.cc:127) mtmn0_sx74
LOG (gmm-align-compiled[5.1.89~1-b1e86]:main():gmm-align-compiled.cc:127) mtmt0_si1118
LOG (gmm-align-compiled[5.1.89~1-b1e86]:main():gmm-align-compiled.cc:127) mtmt0_si1748
LOG (gmm-align-compiled[5.1.89~1-b1e86]:main():gmm-align-compiled.cc:127) mtmt0_si488
LOG (gmm-align-compiled[5.1.89~1-b1e86]:main():gmm-align-compiled.cc:127) mtmt0_sx128
LOG (gmm-align-compiled[5.1.89~1-b1e86]:main():gmm-align-compiled.cc:127) mtmt0_sx218
LOG (gmm-align-compiled[5.1.89~1-b1e86]:main():gmm-align-compiled.cc:127) mtmt0_sx308
LOG (gmm-align-compiled[5.1.89~1-b1e86]:main():gmm-align-compiled.cc:127) mtmt0_sx38
LOG (gmm-align-compiled[5.1.89~1-b1e86]:main():gmm-align-compiled.cc:127) mtmt0_sx398
LOG (gmm-align-compiled[5.1.89~1-b1e86]:main():gmm-align-compiled.cc:127) mtpf0_si1235
LOG (gmm-align-compiled[5.1.89~1-b1e86]:main():gmm-align-compiled.cc:127) mtpf0_si1865
LOG (gmm-align-compiled[5.1.89~1-b1e86]:main():gmm-align-compiled.cc:127) mtpf0_si605
LOG (gmm-align-compiled[5.1.89~1-b1e86]:main():gmm-align-compiled.cc:127) mtpf0_sx155
LOG (gmm-align-compiled[5.1.89~1-b1e86]:main():gmm-align-compiled.cc:127) mtpf0_sx245
LOG (gmm-align-compiled[5.1.89~1-b1e86]:main():gmm-align-compiled.cc:127) mtpf0_sx335
LOG (gmm-align-compiled[5.1.89~1-b1e86]:main():gmm-align-compiled.cc:127) mtpf0_sx425
LOG (gmm-align-compiled[5.1.89~1-b1e86]:main():gmm-align-compiled.cc:127) mtpf0_sx65
LOG (gmm-align-compiled[5.1.89~1-b1e86]:main():gmm-align-compiled.cc:127) mtpg0_si1383
LOG (gmm-align-compiled[5.1.89~1-b1e86]:main():gmm-align-compiled.cc:127) mtpg0_si2013
LOG (gmm-align-compiled[5.1.89~1-b1e86]:main():gmm-align-compiled.cc:127) mtpg0_si753
LOG (gmm-align-compiled[5.1.89~1-b1e86]:main():gmm-align-compiled.cc:127) mtpg0_sx123
LOG (gmm-align-compiled[5.1.89~1-b1e86]:main():gmm-align-compiled.cc:127) mtpg0_sx213
LOG (gmm-align-compiled[5.1.89~1-b1e86]:main():gmm-align-compiled.cc:127) mtpg0_sx303
LOG (gmm-align-compiled[5.1.89~1-b1e86]:main():gmm-align-compiled.cc:127) mtpg0_sx33
LOG (gmm-align-compiled[5.1.89~1-b1e86]:main():gmm-align-compiled.cc:127) mtpg0_sx393
LOG (gmm-align-compiled[5.1.89~1-b1e86]:main():gmm-align-compiled.cc:127) mtpp0_si1508
LOG (gmm-align-compiled[5.1.89~1-b1e86]:main():gmm-align-compiled.cc:127) mtpp0_si2138
LOG (gmm-align-compiled[5.1.89~1-b1e86]:main():gmm-align-compiled.cc:127) mtpp0_si878
LOG (gmm-align-compiled[5.1.89~1-b1e86]:main():gmm-align-compiled.cc:127) mtpp0_sx158
LOG (gmm-align-compiled[5.1.89~1-b1e86]:main():gmm-align-compiled.cc:127) mtpp0_sx248
LOG (gmm-align-compiled[5.1.89~1-b1e86]:main():gmm-align-compiled.cc:127) mtpp0_sx338
LOG (gmm-align-compiled[5.1.89~1-b1e86]:main():gmm-align-compiled.cc:127) mtpp0_sx428
LOG (gmm-align-compiled[5.1.89~1-b1e86]:main():gmm-align-compiled.cc:127) mtpp0_sx68
LOG (gmm-align-compiled[5.1.89~1-b1e86]:main():gmm-align-compiled.cc:127) mtpr0_si1600
LOG (gmm-align-compiled[5.1.89~1-b1e86]:main():gmm-align-compiled.cc:127) mtpr0_si2230
LOG (gmm-align-compiled[5.1.89~1-b1e86]:main():gmm-align-compiled.cc:127) mtpr0_si506
LOG (gmm-align-compiled[5.1.89~1-b1e86]:main():gmm-align-compiled.cc:127) mtpr0_sx160
LOG (gmm-align-compiled[5.1.89~1-b1e86]:main():gmm-align-compiled.cc:127) mtpr0_sx250
LOG (gmm-align-compiled[5.1.89~1-b1e86]:main():gmm-align-compiled.cc:127) mtpr0_sx340
LOG (gmm-align-compiled[5.1.89~1-b1e86]:main():gmm-align-compiled.cc:127) mtpr0_sx430
LOG (gmm-align-compiled[5.1.89~1-b1e86]:main():gmm-align-compiled.cc:127) mtpr0_sx70
LOG (gmm-align-compiled[5.1.89~1-b1e86]:main():gmm-align-compiled.cc:127) mtqc0_si1441
LOG (gmm-align-compiled[5.1.89~1-b1e86]:main():gmm-align-compiled.cc:127) mtqc0_si2071
LOG (gmm-align-compiled[5.1.89~1-b1e86]:main():gmm-align-compiled.cc:127) mtqc0_si480
LOG (gmm-align-compiled[5.1.89~1-b1e86]:main():gmm-align-compiled.cc:127) mtqc0_sx181
LOG (gmm-align-compiled[5.1.89~1-b1e86]:main():gmm-align-compiled.cc:127) mtqc0_sx271
LOG (gmm-align-compiled[5.1.89~1-b1e86]:main():gmm-align-compiled.cc:127) mtqc0_sx361
LOG (gmm-align-compiled[5.1.89~1-b1e86]:main():gmm-align-compiled.cc:127) mtqc0_sx451
LOG (gmm-align-compiled[5.1.89~1-b1e86]:main():gmm-align-compiled.cc:127) mtqc0_sx91
LOG (gmm-align-compiled[5.1.89~1-b1e86]:main():gmm-align-compiled.cc:127) mtrc0_si1623
LOG (gmm-align-compiled[5.1.89~1-b1e86]:main():gmm-align-compiled.cc:127) mtrc0_si589
LOG (gmm-align-compiled[5.1.89~1-b1e86]:main():gmm-align-compiled.cc:127) mtrc0_si993
LOG (gmm-align-compiled[5.1.89~1-b1e86]:main():gmm-align-compiled.cc:127) mtrc0_sx170
LOG (gmm-align-compiled[5.1.89~1-b1e86]:main():gmm-align-compiled.cc:127) mtrc0_sx183
LOG (gmm-align-compiled[5.1.89~1-b1e86]:main():gmm-align-compiled.cc:127) mtrc0_sx273
LOG (gmm-align-compiled[5.1.89~1-b1e86]:main():gmm-align-compiled.cc:127) mtrc0_sx363
LOG (gmm-align-compiled[5.1.89~1-b1e86]:main():gmm-align-compiled.cc:127) mtrc0_sx93
LOG (gmm-align-compiled[5.1.89~1-b1e86]:main():gmm-align-compiled.cc:127) mtrr0_si1548
LOG (gmm-align-compiled[5.1.89~1-b1e86]:main():gmm-align-compiled.cc:127) mtrr0_si2178
LOG (gmm-align-compiled[5.1.89~1-b1e86]:main():gmm-align-compiled.cc:127) mtrr0_si918
LOG (gmm-align-compiled[5.1.89~1-b1e86]:main():gmm-align-compiled.cc:127) mtrr0_sx108
LOG (gmm-align-compiled[5.1.89~1-b1e86]:main():gmm-align-compiled.cc:127) mtrr0_sx18
LOG (gmm-align-compiled[5.1.89~1-b1e86]:main():gmm-align-compiled.cc:127) mtrr0_sx198
LOG (gmm-align-compiled[5.1.89~1-b1e86]:main():gmm-align-compiled.cc:127) mtrr0_sx288
LOG (gmm-align-compiled[5.1.89~1-b1e86]:main():gmm-align-compiled.cc:127) mtrr0_sx378
LOG (gmm-align-compiled[5.1.89~1-b1e86]:main():gmm-align-compiled.cc:127) mtrt0_si1227
LOG (gmm-align-compiled[5.1.89~1-b1e86]:main():gmm-align-compiled.cc:127) mtrt0_si1857
LOG (gmm-align-compiled[5.1.89~1-b1e86]:main():gmm-align-compiled.cc:127) mtrt0_si597
LOG (gmm-align-compiled[5.1.89~1-b1e86]:main():gmm-align-compiled.cc:127) mtrt0_sx147
LOG (gmm-align-compiled[5.1.89~1-b1e86]:main():gmm-align-compiled.cc:127) mtrt0_sx237
LOG (gmm-align-compiled[5.1.89~1-b1e86]:main():gmm-align-compiled.cc:127) mtrt0_sx254
LOG (gmm-align-compiled[5.1.89~1-b1e86]:main():gmm-align-compiled.cc:127) mtrt0_sx417
LOG (gmm-align-compiled[5.1.89~1-b1e86]:main():gmm-align-compiled.cc:127) mtrt0_sx57
LOG (gmm-align-compiled[5.1.89~1-b1e86]:main():gmm-align-compiled.cc:127) mtwh1_si1512
LOG (gmm-align-compiled[5.1.89~1-b1e86]:main():gmm-align-compiled.cc:127) mtwh1_si2142
LOG (gmm-align-compiled[5.1.89~1-b1e86]:main():gmm-align-compiled.cc:127) mtwh1_si882
LOG (gmm-align-compiled[5.1.89~1-b1e86]:main():gmm-align-compiled.cc:127) mtwh1_sx162
LOG (gmm-align-compiled[5.1.89~1-b1e86]:main():gmm-align-compiled.cc:127) mtwh1_sx252
LOG (gmm-align-compiled[5.1.89~1-b1e86]:main():gmm-align-compiled.cc:127) mtwh1_sx342
LOG (gmm-align-compiled[5.1.89~1-b1e86]:main():gmm-align-compiled.cc:127) mtwh1_sx432
LOG (gmm-align-compiled[5.1.89~1-b1e86]:main():gmm-align-compiled.cc:127) mtwh1_sx72
LOG (gmm-align-compiled[5.1.89~1-b1e86]:main():gmm-align-compiled.cc:127) mtxs0_si1060
LOG (apply-cmvn[5.1.89~1-b1e86]:main():apply-cmvn.cc:146) Applied cepstral mean normalization to 120 utterances, errors on 0
LOG (gmm-align-compiled[5.1.89~1-b1e86]:main():gmm-align-compiled.cc:127) mtxs0_si1690
LOG (gmm-align-compiled[5.1.89~1-b1e86]:main():gmm-align-compiled.cc:127) mtxs0_si2320
LOG (gmm-align-compiled[5.1.89~1-b1e86]:main():gmm-align-compiled.cc:127) mtxs0_sx160
LOG (gmm-align-compiled[5.1.89~1-b1e86]:main():gmm-align-compiled.cc:127) mtxs0_sx250
LOG (gmm-align-compiled[5.1.89~1-b1e86]:main():gmm-align-compiled.cc:127) mtxs0_sx340
LOG (gmm-align-compiled[5.1.89~1-b1e86]:main():gmm-align-compiled.cc:127) mtxs0_sx430
LOG (gmm-align-compiled[5.1.89~1-b1e86]:main():gmm-align-compiled.cc:127) mtxs0_sx70
LOG (gmm-align-compiled[5.1.89~1-b1e86]:main():gmm-align-compiled.cc:135) Overall log-likelihood per frame is -101.993 over 36474 frames.
LOG (gmm-align-compiled[5.1.89~1-b1e86]:main():gmm-align-compiled.cc:137) Retried 0 out of 120 utterances.
LOG (gmm-align-compiled[5.1.89~1-b1e86]:main():gmm-align-compiled.cc:139) Done 120, errors on 0
# Accounting: time=3 threads=1
# Ended (code 0) at Tue May 30 20:52:40 CST 2017, elapsed time 3 seconds
